# Лог метрик запросов
# Создан: 2026-06-13 09:40:19
================================================================================

[2026-06-13 09:40:28] GET / → Status: 200 (0.005s)
[2026-06-13 09:40:28] STATS → Total: 1 | 2xx: 1 | 4xx: 0 | 5xx: 0
--------------------------------------------------------------------------------

[2026-06-13 09:40:28] GET /favicon.ico → Status: 404 (0.021s)
[2026-06-13 09:40:28] STATS → Total: 2 | 2xx: 1 | 4xx: 1 | 5xx: 0
--------------------------------------------------------------------------------

[2026-06-13 09:47:07] GET /ping/ → Status: 200 (0.001s)
[2026-06-13 09:47:07] STATS → Total: 1 | 2xx: 1 | 4xx: 0 | 5xx: 0
--------------------------------------------------------------------------------

[2026-06-13 10:11:34] GET / → Status: 500 (0.010s)
[2026-06-13 10:11:34] STATS → Total: 1 | 2xx: 0 | 4xx: 0 | 5xx: 1
--------------------------------------------------------------------------------

[2026-06-13 10:11:34] GET /favicon.ico → Status: 404 (0.001s)
[2026-06-13 10:11:34] STATS → Total: 2 | 2xx: 0 | 4xx: 1 | 5xx: 1
--------------------------------------------------------------------------------

[2026-06-13 10:12:17] GET / → Status: 500 (0.065s)
[2026-06-13 10:12:17] STATS → Total: 1 | 2xx: 0 | 4xx: 0 | 5xx: 1
--------------------------------------------------------------------------------

[2026-06-13 10:12:18] GET /favicon.ico → Status: 404 (0.007s)
[2026-06-13 10:12:18] STATS → Total: 2 | 2xx: 0 | 4xx: 1 | 5xx: 1
--------------------------------------------------------------------------------

[2026-06-13 10:13:25] GET / → Status: 500 (0.148s)
[2026-06-13 10:13:25] STATS → Total: 3 | 2xx: 0 | 4xx: 1 | 5xx: 2
--------------------------------------------------------------------------------

[2026-06-13 10:17:29] GET / → Status: 500 (0.137s)
[2026-06-13 10:17:29] STATS → Total: 4 | 2xx: 0 | 4xx: 1 | 5xx: 3
--------------------------------------------------------------------------------

[2026-06-13 10:20:41] GET / → Status: 500 (0.149s)
[2026-06-13 10:20:41] STATS → Total: 5 | 2xx: 0 | 4xx: 1 | 5xx: 4
--------------------------------------------------------------------------------

[2026-06-13 10:21:01] GET / → Status: 500 (0.073s)
[2026-06-13 10:21:01] STATS → Total: 1 | 2xx: 0 | 4xx: 0 | 5xx: 1
--------------------------------------------------------------------------------

[2026-06-13 10:21:02] GET /favicon.ico → Status: 404 (0.008s)
[2026-06-13 10:21:02] STATS → Total: 2 | 2xx: 0 | 4xx: 1 | 5xx: 1
--------------------------------------------------------------------------------

[2026-06-13 10:21:52] GET / → Status: 500 (0.145s)
[2026-06-13 10:21:52] STATS → Total: 3 | 2xx: 0 | 4xx: 1 | 5xx: 2
--------------------------------------------------------------------------------

[2026-06-13 10:26:32] GET / → Status: 200 (0.014s)
[2026-06-13 10:26:32] STATS → Total: 1 | 2xx: 1 | 4xx: 0 | 5xx: 0
--------------------------------------------------------------------------------

[2026-06-13 10:26:33] GET /favicon.ico → Status: 404 (0.018s)
[2026-06-13 10:26:33] STATS → Total: 2 | 2xx: 1 | 4xx: 1 | 5xx: 0
--------------------------------------------------------------------------------

[2026-06-13 10:26:36] GET /create/ → Status: 200 (0.020s)
[2026-06-13 10:26:36] STATS → Total: 3 | 2xx: 2 | 4xx: 1 | 5xx: 0
--------------------------------------------------------------------------------

[2026-06-13 10:27:07] POST /create/ → Status: 500 (0.126s)
[2026-06-13 10:27:07] STATS → Total: 4 | 2xx: 2 | 4xx: 1 | 5xx: 1
--------------------------------------------------------------------------------

[2026-06-13 10:32:19] GET / → Status: 200 (0.015s)
[2026-06-13 10:32:19] STATS → Total: 1 | 2xx: 1 | 4xx: 0 | 5xx: 0
--------------------------------------------------------------------------------

[2026-06-13 10:32:19] GET /favicon.ico → Status: 404 (0.015s)
[2026-06-13 10:32:19] STATS → Total: 2 | 2xx: 1 | 4xx: 1 | 5xx: 0
--------------------------------------------------------------------------------

[2026-06-13 10:32:23] GET /create/ → Status: 200 (0.018s)
[2026-06-13 10:32:23] STATS → Total: 3 | 2xx: 2 | 4xx: 1 | 5xx: 0
--------------------------------------------------------------------------------

[2026-06-13 10:32:32] POST /create/ → Status: 500 (0.117s)
[2026-06-13 10:32:32] STATS → Total: 4 | 2xx: 2 | 4xx: 1 | 5xx: 1
--------------------------------------------------------------------------------

[2026-06-13 10:35:00] GET / → Status: 200 (0.030s)
[2026-06-13 10:35:00] STATS → Total: 1 | 2xx: 1 | 4xx: 0 | 5xx: 0
--------------------------------------------------------------------------------

[2026-06-13 10:35:00] GET /favicon.ico → Status: 404 (0.006s)
[2026-06-13 10:35:00] STATS → Total: 2 | 2xx: 1 | 4xx: 1 | 5xx: 0
--------------------------------------------------------------------------------

[2026-06-13 10:35:05] GET /create/ → Status: 200 (0.020s)
[2026-06-13 10:35:05] STATS → Total: 3 | 2xx: 2 | 4xx: 1 | 5xx: 0
--------------------------------------------------------------------------------

[2026-06-13 10:35:15] POST /create/ → Status: 500 (0.112s)
[2026-06-13 10:35:15] STATS → Total: 4 | 2xx: 2 | 4xx: 1 | 5xx: 1
--------------------------------------------------------------------------------

[2026-06-13 10:36:11] GET / → Status: 200 (0.014s)
[2026-06-13 10:36:11] STATS → Total: 1 | 2xx: 1 | 4xx: 0 | 5xx: 0
--------------------------------------------------------------------------------

[2026-06-13 10:36:11] GET /favicon.ico → Status: 404 (0.013s)
[2026-06-13 10:36:11] STATS → Total: 2 | 2xx: 1 | 4xx: 1 | 5xx: 0
--------------------------------------------------------------------------------

[2026-06-13 10:36:14] GET /create/ → Status: 200 (0.015s)
[2026-06-13 10:36:14] STATS → Total: 3 | 2xx: 2 | 4xx: 1 | 5xx: 0
--------------------------------------------------------------------------------

[2026-06-13 10:36:22] POST /create/ → Status: 302 (0.014s)
[2026-06-13 10:36:22] STATS → Total: 4 | 2xx: 2 | 4xx: 1 | 5xx: 0
--------------------------------------------------------------------------------

[2026-06-13 10:36:22] GET / → Status: 200 (0.010s)
[2026-06-13 10:36:22] STATS → Total: 5 | 2xx: 3 | 4xx: 1 | 5xx: 0
--------------------------------------------------------------------------------

[2026-06-13 10:36:27] GET /1/update/ → Status: 200 (0.016s)
[2026-06-13 10:36:27] STATS → Total: 6 | 2xx: 4 | 4xx: 1 | 5xx: 0
--------------------------------------------------------------------------------

[2026-06-13 10:36:32] POST /1/update/ → Status: 302 (0.019s)
[2026-06-13 10:36:32] STATS → Total: 7 | 2xx: 4 | 4xx: 1 | 5xx: 0
--------------------------------------------------------------------------------

[2026-06-13 10:36:32] GET / → Status: 200 (0.011s)
[2026-06-13 10:36:32] STATS → Total: 8 | 2xx: 5 | 4xx: 1 | 5xx: 0
--------------------------------------------------------------------------------

[2026-06-13 10:36:34] GET /1/delete/ → Status: 200 (0.008s)
[2026-06-13 10:36:34] STATS → Total: 9 | 2xx: 6 | 4xx: 1 | 5xx: 0
--------------------------------------------------------------------------------

[2026-06-13 10:36:36] POST /1/delete/ → Status: 302 (0.012s)
[2026-06-13 10:36:36] STATS → Total: 10 | 2xx: 6 | 4xx: 1 | 5xx: 0
--------------------------------------------------------------------------------

[2026-06-13 10:36:36] GET / → Status: 200 (0.006s)
[2026-06-13 10:36:36] STATS → Total: 11 | 2xx: 7 | 4xx: 1 | 5xx: 0
--------------------------------------------------------------------------------

[2026-06-13 10:38:08] GET / → Status: 200 (0.014s)
[2026-06-13 10:38:08] STATS → Total: 1 | 2xx: 1 | 4xx: 0 | 5xx: 0
--------------------------------------------------------------------------------

[2026-06-13 10:38:09] GET /favicon.ico → Status: 404 (0.008s)
[2026-06-13 10:38:09] STATS → Total: 2 | 2xx: 1 | 4xx: 1 | 5xx: 0
--------------------------------------------------------------------------------

[2026-06-13 10:38:12] GET /create/ → Status: 200 (0.018s)
[2026-06-13 10:38:12] STATS → Total: 3 | 2xx: 2 | 4xx: 1 | 5xx: 0
--------------------------------------------------------------------------------

[2026-06-13 10:38:27] POST /create/ → Status: 500 (0.117s)
[2026-06-13 10:38:27] STATS → Total: 4 | 2xx: 2 | 4xx: 1 | 5xx: 1
--------------------------------------------------------------------------------

[2026-06-13 10:38:40] GET /create/ → Status: 200 (0.045s)
[2026-06-13 10:38:40] STATS → Total: 1 | 2xx: 1 | 4xx: 0 | 5xx: 0
--------------------------------------------------------------------------------

[2026-06-13 10:38:44] GET / → Status: 200 (0.007s)
[2026-06-13 10:38:44] STATS → Total: 2 | 2xx: 2 | 4xx: 0 | 5xx: 0
--------------------------------------------------------------------------------

[2026-06-13 10:38:50] GET /create/ → Status: 200 (0.006s)
[2026-06-13 10:38:50] STATS → Total: 3 | 2xx: 3 | 4xx: 0 | 5xx: 0
--------------------------------------------------------------------------------

[2026-06-13 10:38:57] POST /create/ → Status: 302 (0.030s)
[2026-06-13 10:38:57] STATS → Total: 4 | 2xx: 3 | 4xx: 0 | 5xx: 0
--------------------------------------------------------------------------------

[2026-06-13 10:38:57] GET / → Status: 200 (0.011s)
[2026-06-13 10:38:57] STATS → Total: 5 | 2xx: 4 | 4xx: 0 | 5xx: 0
--------------------------------------------------------------------------------

[2026-06-13 10:39:00] GET / → Status: 200 (0.005s)
[2026-06-13 10:39:00] STATS → Total: 6 | 2xx: 5 | 4xx: 0 | 5xx: 0
--------------------------------------------------------------------------------

